[2021-10-30T22:14:41,425][INFO ][o.e.n.Node               ] [isa-Swift-SF314-52G] version[7.15.1], pid[45465], build[default/tar/83c34f456ae29d60e94d886e455e6a3409bba9ed/2021-10-07T21:56:19.031608185Z], OS[Linux/5.4.0-89-generic/amd64], JVM[Ubuntu/OpenJDK 64-Bit Server VM/11.0.11/11.0.11+9-Ubuntu-0ubuntu2.20.04]
[2021-10-30T22:14:41,432][INFO ][o.e.n.Node               ] [isa-Swift-SF314-52G] JVM home [/usr/lib/jvm/java-11-openjdk-amd64], using bundled JDK [false]
[2021-10-30T22:14:41,432][INFO ][o.e.n.Node               ] [isa-Swift-SF314-52G] JVM arguments [-Xshare:auto, -Des.networkaddress.cache.ttl=60, -Des.networkaddress.cache.negative.ttl=10, -XX:+AlwaysPreTouch, -Xss1m, -Djava.awt.headless=true, -Dfile.encoding=UTF-8, -Djna.nosys=true, -XX:-OmitStackTraceInFastThrow, -Dio.netty.noUnsafe=true, -Dio.netty.noKeySetOptimization=true, -Dio.netty.recycler.maxCapacityPerThread=0, -Dio.netty.allocator.numDirectArenas=0, -Dlog4j.shutdownHookEnabled=false, -Dlog4j2.disable.jmx=true, -Djava.locale.providers=SPI,COMPAT, --add-opens=java.base/java.io=ALL-UNNAMED, -XX:+UseConcMarkSweepGC, -XX:CMSInitiatingOccupancyFraction=75, -XX:+UseCMSInitiatingOccupancyOnly, -Djava.io.tmpdir=/tmp/elasticsearch-17625731255258695808, -XX:+HeapDumpOnOutOfMemoryError, -XX:HeapDumpPath=data, -XX:ErrorFile=logs/hs_err_pid%p.log, -Xlog:gc*,gc+age=trace,safepoint:file=logs/gc.log:utctime,pid,tags:filecount=32,filesize=64m, -Xms1024m, -Xmx1024m, -XX:MaxDirectMemorySize=536870912, -Des.path.home=/home/isa/elasticsearch-7.15.1, -Des.path.conf=/home/isa/elasticsearch-7.15.1/config, -Des.distribution.flavor=default, -Des.distribution.type=tar, -Des.bundled_jdk=true]
[2021-10-30T22:14:45,525][INFO ][o.e.p.PluginsService     ] [isa-Swift-SF314-52G] loaded module [aggs-matrix-stats]
[2021-10-30T22:14:45,525][INFO ][o.e.p.PluginsService     ] [isa-Swift-SF314-52G] loaded module [analysis-common]
[2021-10-30T22:14:45,526][INFO ][o.e.p.PluginsService     ] [isa-Swift-SF314-52G] loaded module [constant-keyword]
[2021-10-30T22:14:45,527][INFO ][o.e.p.PluginsService     ] [isa-Swift-SF314-52G] loaded module [frozen-indices]
[2021-10-30T22:14:45,527][INFO ][o.e.p.PluginsService     ] [isa-Swift-SF314-52G] loaded module [ingest-common]
[2021-10-30T22:14:45,528][INFO ][o.e.p.PluginsService     ] [isa-Swift-SF314-52G] loaded module [ingest-geoip]
[2021-10-30T22:14:45,528][INFO ][o.e.p.PluginsService     ] [isa-Swift-SF314-52G] loaded module [ingest-user-agent]
[2021-10-30T22:14:45,528][INFO ][o.e.p.PluginsService     ] [isa-Swift-SF314-52G] loaded module [kibana]
[2021-10-30T22:14:45,529][INFO ][o.e.p.PluginsService     ] [isa-Swift-SF314-52G] loaded module [lang-expression]
[2021-10-30T22:14:45,529][INFO ][o.e.p.PluginsService     ] [isa-Swift-SF314-52G] loaded module [lang-mustache]
[2021-10-30T22:14:45,530][INFO ][o.e.p.PluginsService     ] [isa-Swift-SF314-52G] loaded module [lang-painless]
[2021-10-30T22:14:45,530][INFO ][o.e.p.PluginsService     ] [isa-Swift-SF314-52G] loaded module [mapper-extras]
[2021-10-30T22:14:45,530][INFO ][o.e.p.PluginsService     ] [isa-Swift-SF314-52G] loaded module [mapper-version]
[2021-10-30T22:14:45,531][INFO ][o.e.p.PluginsService     ] [isa-Swift-SF314-52G] loaded module [parent-join]
[2021-10-30T22:14:45,531][INFO ][o.e.p.PluginsService     ] [isa-Swift-SF314-52G] loaded module [percolator]
[2021-10-30T22:14:45,532][INFO ][o.e.p.PluginsService     ] [isa-Swift-SF314-52G] loaded module [rank-eval]
[2021-10-30T22:14:45,532][INFO ][o.e.p.PluginsService     ] [isa-Swift-SF314-52G] loaded module [reindex]
[2021-10-30T22:14:45,532][INFO ][o.e.p.PluginsService     ] [isa-Swift-SF314-52G] loaded module [repositories-metering-api]
[2021-10-30T22:14:45,533][INFO ][o.e.p.PluginsService     ] [isa-Swift-SF314-52G] loaded module [repository-encrypted]
[2021-10-30T22:14:45,533][INFO ][o.e.p.PluginsService     ] [isa-Swift-SF314-52G] loaded module [repository-url]
[2021-10-30T22:14:45,533][INFO ][o.e.p.PluginsService     ] [isa-Swift-SF314-52G] loaded module [runtime-fields-common]
[2021-10-30T22:14:45,534][INFO ][o.e.p.PluginsService     ] [isa-Swift-SF314-52G] loaded module [search-business-rules]
[2021-10-30T22:14:45,534][INFO ][o.e.p.PluginsService     ] [isa-Swift-SF314-52G] loaded module [searchable-snapshots]
[2021-10-30T22:14:45,535][INFO ][o.e.p.PluginsService     ] [isa-Swift-SF314-52G] loaded module [snapshot-repo-test-kit]
[2021-10-30T22:14:45,535][INFO ][o.e.p.PluginsService     ] [isa-Swift-SF314-52G] loaded module [spatial]
[2021-10-30T22:14:45,536][INFO ][o.e.p.PluginsService     ] [isa-Swift-SF314-52G] loaded module [transform]
[2021-10-30T22:14:45,536][INFO ][o.e.p.PluginsService     ] [isa-Swift-SF314-52G] loaded module [transport-netty4]
[2021-10-30T22:14:45,536][INFO ][o.e.p.PluginsService     ] [isa-Swift-SF314-52G] loaded module [unsigned-long]
[2021-10-30T22:14:45,537][INFO ][o.e.p.PluginsService     ] [isa-Swift-SF314-52G] loaded module [vector-tile]
[2021-10-30T22:14:45,537][INFO ][o.e.p.PluginsService     ] [isa-Swift-SF314-52G] loaded module [vectors]
[2021-10-30T22:14:45,538][INFO ][o.e.p.PluginsService     ] [isa-Swift-SF314-52G] loaded module [wildcard]
[2021-10-30T22:14:45,538][INFO ][o.e.p.PluginsService     ] [isa-Swift-SF314-52G] loaded module [x-pack-aggregate-metric]
[2021-10-30T22:14:45,538][INFO ][o.e.p.PluginsService     ] [isa-Swift-SF314-52G] loaded module [x-pack-analytics]
[2021-10-30T22:14:45,539][INFO ][o.e.p.PluginsService     ] [isa-Swift-SF314-52G] loaded module [x-pack-async]
[2021-10-30T22:14:45,539][INFO ][o.e.p.PluginsService     ] [isa-Swift-SF314-52G] loaded module [x-pack-async-search]
[2021-10-30T22:14:45,539][INFO ][o.e.p.PluginsService     ] [isa-Swift-SF314-52G] loaded module [x-pack-autoscaling]
[2021-10-30T22:14:45,540][INFO ][o.e.p.PluginsService     ] [isa-Swift-SF314-52G] loaded module [x-pack-ccr]
[2021-10-30T22:14:45,540][INFO ][o.e.p.PluginsService     ] [isa-Swift-SF314-52G] loaded module [x-pack-core]
[2021-10-30T22:14:45,540][INFO ][o.e.p.PluginsService     ] [isa-Swift-SF314-52G] loaded module [x-pack-data-streams]
[2021-10-30T22:14:45,541][INFO ][o.e.p.PluginsService     ] [isa-Swift-SF314-52G] loaded module [x-pack-deprecation]
[2021-10-30T22:14:45,541][INFO ][o.e.p.PluginsService     ] [isa-Swift-SF314-52G] loaded module [x-pack-enrich]
[2021-10-30T22:14:45,542][INFO ][o.e.p.PluginsService     ] [isa-Swift-SF314-52G] loaded module [x-pack-eql]
[2021-10-30T22:14:45,542][INFO ][o.e.p.PluginsService     ] [isa-Swift-SF314-52G] loaded module [x-pack-fleet]
[2021-10-30T22:14:45,542][INFO ][o.e.p.PluginsService     ] [isa-Swift-SF314-52G] loaded module [x-pack-graph]
[2021-10-30T22:14:45,543][INFO ][o.e.p.PluginsService     ] [isa-Swift-SF314-52G] loaded module [x-pack-identity-provider]
[2021-10-30T22:14:45,543][INFO ][o.e.p.PluginsService     ] [isa-Swift-SF314-52G] loaded module [x-pack-ilm]
[2021-10-30T22:14:45,544][INFO ][o.e.p.PluginsService     ] [isa-Swift-SF314-52G] loaded module [x-pack-logstash]
[2021-10-30T22:14:45,544][INFO ][o.e.p.PluginsService     ] [isa-Swift-SF314-52G] loaded module [x-pack-ml]
[2021-10-30T22:14:45,544][INFO ][o.e.p.PluginsService     ] [isa-Swift-SF314-52G] loaded module [x-pack-monitoring]
[2021-10-30T22:14:45,545][INFO ][o.e.p.PluginsService     ] [isa-Swift-SF314-52G] loaded module [x-pack-ql]
[2021-10-30T22:14:45,545][INFO ][o.e.p.PluginsService     ] [isa-Swift-SF314-52G] loaded module [x-pack-rollup]
[2021-10-30T22:14:45,545][INFO ][o.e.p.PluginsService     ] [isa-Swift-SF314-52G] loaded module [x-pack-security]
[2021-10-30T22:14:45,546][INFO ][o.e.p.PluginsService     ] [isa-Swift-SF314-52G] loaded module [x-pack-shutdown]
[2021-10-30T22:14:45,546][INFO ][o.e.p.PluginsService     ] [isa-Swift-SF314-52G] loaded module [x-pack-sql]
[2021-10-30T22:14:45,547][INFO ][o.e.p.PluginsService     ] [isa-Swift-SF314-52G] loaded module [x-pack-stack]
[2021-10-30T22:14:45,547][INFO ][o.e.p.PluginsService     ] [isa-Swift-SF314-52G] loaded module [x-pack-text-structure]
[2021-10-30T22:14:45,547][INFO ][o.e.p.PluginsService     ] [isa-Swift-SF314-52G] loaded module [x-pack-voting-only-node]
[2021-10-30T22:14:45,548][INFO ][o.e.p.PluginsService     ] [isa-Swift-SF314-52G] loaded module [x-pack-watcher]
[2021-10-30T22:14:45,548][INFO ][o.e.p.PluginsService     ] [isa-Swift-SF314-52G] no plugins loaded
[2021-10-30T22:14:45,610][INFO ][o.e.e.NodeEnvironment    ] [isa-Swift-SF314-52G] using [1] data paths, mounts [[/ (/dev/sda2)]], net usable_space [110.8gb], net total_space [227.7gb], types [ext4]
[2021-10-30T22:14:45,611][INFO ][o.e.e.NodeEnvironment    ] [isa-Swift-SF314-52G] heap size [989.8mb], compressed ordinary object pointers [true]
[2021-10-30T22:14:45,642][INFO ][o.e.n.Node               ] [isa-Swift-SF314-52G] node name [isa-Swift-SF314-52G], node ID [HRujtABlSCm477Wa7t-tag], cluster name [elasticsearch], roles [transform, data_frozen, master, remote_cluster_client, data, ml, data_content, data_hot, data_warm, data_cold, ingest]
[2021-10-30T22:14:54,640][INFO ][o.e.x.m.p.l.CppLogMessageHandler] [isa-Swift-SF314-52G] [controller/45637] [Main.cc@122] controller (64 bit): Version 7.15.1 (Build 96c59930f1bbe9) Copyright (c) 2021 Elasticsearch BV
[2021-10-30T22:14:55,312][INFO ][o.e.x.s.a.s.FileRolesStore] [isa-Swift-SF314-52G] parsed [0] roles from file [/home/isa/elasticsearch-7.15.1/config/roles.yml]
[2021-10-30T22:14:56,455][INFO ][o.e.i.g.LocalDatabases   ] [isa-Swift-SF314-52G] initialized default databases [[GeoLite2-Country.mmdb, GeoLite2-City.mmdb, GeoLite2-ASN.mmdb]], config databases [[]] and watching [/home/isa/elasticsearch-7.15.1/config/ingest-geoip] for changes
[2021-10-30T22:14:56,457][INFO ][o.e.i.g.DatabaseRegistry ] [isa-Swift-SF314-52G] initialized database registry, using geoip-databases directory [/tmp/elasticsearch-17625731255258695808/geoip-databases/HRujtABlSCm477Wa7t-tag]
[2021-10-30T22:14:57,499][INFO ][o.e.t.NettyAllocator     ] [isa-Swift-SF314-52G] creating NettyAllocator with the following configs: [name=unpooled, suggested_max_allocation_size=1mb, factors={es.unsafe.use_unpooled_allocator=null, g1gc_enabled=false, g1gc_region_size=0b, heap_size=989.8mb}]
[2021-10-30T22:14:57,616][INFO ][o.e.d.DiscoveryModule    ] [isa-Swift-SF314-52G] using discovery type [zen] and seed hosts providers [settings]
[2021-10-30T22:14:58,430][INFO ][o.e.g.DanglingIndicesState] [isa-Swift-SF314-52G] gateway.auto_import_dangling_indices is disabled, dangling indices will not be automatically detected or imported and must be managed manually
[2021-10-30T22:14:59,167][INFO ][o.e.n.Node               ] [isa-Swift-SF314-52G] initialized
[2021-10-30T22:14:59,167][INFO ][o.e.n.Node               ] [isa-Swift-SF314-52G] starting ...
[2021-10-30T22:14:59,200][INFO ][o.e.x.s.c.f.PersistentCache] [isa-Swift-SF314-52G] persistent cache index loaded
[2021-10-30T22:14:59,372][INFO ][o.e.t.TransportService   ] [isa-Swift-SF314-52G] publish_address {127.0.0.1:9300}, bound_addresses {[::1]:9300}, {127.0.0.1:9300}
[2021-10-30T22:14:59,568][WARN ][o.e.b.BootstrapChecks    ] [isa-Swift-SF314-52G] max virtual memory areas vm.max_map_count [65530] is too low, increase to at least [262144]
[2021-10-30T22:14:59,569][WARN ][o.e.b.BootstrapChecks    ] [isa-Swift-SF314-52G] the default discovery settings are unsuitable for production use; at least one of [discovery.seed_hosts, discovery.seed_providers, cluster.initial_master_nodes] must be configured
[2021-10-30T22:14:59,590][INFO ][o.e.c.c.ClusterBootstrapService] [isa-Swift-SF314-52G] no discovery configuration found, will perform best-effort cluster bootstrapping after [3s] unless existing master is discovered
[2021-10-30T22:15:02,608][INFO ][o.e.c.c.Coordinator      ] [isa-Swift-SF314-52G] setting initial configuration to VotingConfiguration{HRujtABlSCm477Wa7t-tag}
[2021-10-30T22:15:02,862][INFO ][o.e.c.s.MasterService    ] [isa-Swift-SF314-52G] elected-as-master ([1] nodes joined)[{isa-Swift-SF314-52G}{HRujtABlSCm477Wa7t-tag}{044SVqsrQm-nethgv5fJSg}{127.0.0.1}{127.0.0.1:9300}{cdfhilmrstw} elect leader, _BECOME_MASTER_TASK_, _FINISH_ELECTION_], term: 1, version: 1, delta: master node changed {previous [], current [{isa-Swift-SF314-52G}{HRujtABlSCm477Wa7t-tag}{044SVqsrQm-nethgv5fJSg}{127.0.0.1}{127.0.0.1:9300}{cdfhilmrstw}]}
[2021-10-30T22:15:02,926][INFO ][o.e.c.c.CoordinationState] [isa-Swift-SF314-52G] cluster UUID set to [mofeW3WmR_uVldUXzVeRjg]
[2021-10-30T22:15:02,971][INFO ][o.e.c.s.ClusterApplierService] [isa-Swift-SF314-52G] master node changed {previous [], current [{isa-Swift-SF314-52G}{HRujtABlSCm477Wa7t-tag}{044SVqsrQm-nethgv5fJSg}{127.0.0.1}{127.0.0.1:9300}{cdfhilmrstw}]}, term: 1, version: 1, reason: Publication{term=1, version=1}
[2021-10-30T22:15:03,042][INFO ][o.e.h.AbstractHttpServerTransport] [isa-Swift-SF314-52G] publish_address {127.0.0.1:9200}, bound_addresses {[::1]:9200}, {127.0.0.1:9200}
[2021-10-30T22:15:03,043][INFO ][o.e.n.Node               ] [isa-Swift-SF314-52G] started
[2021-10-30T22:15:03,174][INFO ][o.e.g.GatewayService     ] [isa-Swift-SF314-52G] recovered [0] indices into cluster_state
[2021-10-30T22:15:03,471][INFO ][o.e.c.m.MetadataIndexTemplateService] [isa-Swift-SF314-52G] adding index template [.ml-anomalies-] for index patterns [.ml-anomalies-*]
[2021-10-30T22:15:03,564][INFO ][o.e.c.m.MetadataIndexTemplateService] [isa-Swift-SF314-52G] adding index template [.ml-notifications-000002] for index patterns [.ml-notifications-000002]
[2021-10-30T22:15:03,646][INFO ][o.e.c.m.MetadataIndexTemplateService] [isa-Swift-SF314-52G] adding index template [.ml-stats] for index patterns [.ml-stats-*]
[2021-10-30T22:15:03,722][INFO ][o.e.c.m.MetadataIndexTemplateService] [isa-Swift-SF314-52G] adding index template [.ml-state] for index patterns [.ml-state*]
[2021-10-30T22:15:03,803][INFO ][o.e.c.m.MetadataIndexTemplateService] [isa-Swift-SF314-52G] adding component template [data-streams-mappings]
[2021-10-30T22:15:03,909][INFO ][o.e.c.m.MetadataIndexTemplateService] [isa-Swift-SF314-52G] adding component template [logs-mappings]
[2021-10-30T22:15:03,985][INFO ][o.e.c.m.MetadataIndexTemplateService] [isa-Swift-SF314-52G] adding component template [synthetics-mappings]
[2021-10-30T22:15:04,056][INFO ][o.e.c.m.MetadataIndexTemplateService] [isa-Swift-SF314-52G] adding component template [metrics-mappings]
[2021-10-30T22:15:04,124][INFO ][o.e.c.m.MetadataIndexTemplateService] [isa-Swift-SF314-52G] adding component template [logs-settings]
[2021-10-30T22:15:04,188][INFO ][o.e.c.m.MetadataIndexTemplateService] [isa-Swift-SF314-52G] adding component template [synthetics-settings]
[2021-10-30T22:15:04,254][INFO ][o.e.c.m.MetadataIndexTemplateService] [isa-Swift-SF314-52G] adding component template [metrics-settings]
[2021-10-30T22:15:04,365][INFO ][o.e.c.m.MetadataIndexTemplateService] [isa-Swift-SF314-52G] adding index template [.watch-history-13] for index patterns [.watcher-history-13*]
[2021-10-30T22:15:04,439][INFO ][o.e.c.m.MetadataIndexTemplateService] [isa-Swift-SF314-52G] adding index template [ilm-history] for index patterns [ilm-history-5*]
[2021-10-30T22:15:04,516][INFO ][o.e.c.m.MetadataIndexTemplateService] [isa-Swift-SF314-52G] adding index template [.slm-history] for index patterns [.slm-history-5*]
[2021-10-30T22:15:04,584][INFO ][o.e.c.m.MetadataIndexTemplateService] [isa-Swift-SF314-52G] adding component template [.deprecation-indexing-mappings]
[2021-10-30T22:15:04,653][INFO ][o.e.c.m.MetadataIndexTemplateService] [isa-Swift-SF314-52G] adding component template [.deprecation-indexing-settings]
[2021-10-30T22:15:04,721][INFO ][o.e.c.m.MetadataIndexTemplateService] [isa-Swift-SF314-52G] adding template [.monitoring-alerts-7] for index patterns [.monitoring-alerts-7]
[2021-10-30T22:15:04,805][INFO ][o.e.c.m.MetadataIndexTemplateService] [isa-Swift-SF314-52G] adding template [.monitoring-es] for index patterns [.monitoring-es-7-*]
[2021-10-30T22:15:04,876][INFO ][o.e.c.m.MetadataIndexTemplateService] [isa-Swift-SF314-52G] adding template [.monitoring-kibana] for index patterns [.monitoring-kibana-7-*]
[2021-10-30T22:15:04,960][INFO ][o.e.c.m.MetadataIndexTemplateService] [isa-Swift-SF314-52G] adding template [.monitoring-logstash] for index patterns [.monitoring-logstash-7-*]
[2021-10-30T22:15:05,046][INFO ][o.e.c.m.MetadataIndexTemplateService] [isa-Swift-SF314-52G] adding template [.monitoring-beats] for index patterns [.monitoring-beats-7-*]
[2021-10-30T22:15:05,127][INFO ][o.e.c.m.MetadataIndexTemplateService] [isa-Swift-SF314-52G] adding index template [logs] for index patterns [logs-*-*]
[2021-10-30T22:15:05,210][INFO ][o.e.c.m.MetadataIndexTemplateService] [isa-Swift-SF314-52G] adding index template [synthetics] for index patterns [synthetics-*-*]
[2021-10-30T22:15:05,290][INFO ][o.e.c.m.MetadataIndexTemplateService] [isa-Swift-SF314-52G] adding index template [metrics] for index patterns [metrics-*-*]
[2021-10-30T22:15:05,384][INFO ][o.e.c.m.MetadataIndexTemplateService] [isa-Swift-SF314-52G] adding index template [.deprecation-indexing-template] for index patterns [.logs-deprecation.*]
[2021-10-30T22:15:05,468][INFO ][o.e.x.i.a.TransportPutLifecycleAction] [isa-Swift-SF314-52G] adding index lifecycle policy [ml-size-based-ilm-policy]
[2021-10-30T22:15:05,562][INFO ][o.e.x.i.a.TransportPutLifecycleAction] [isa-Swift-SF314-52G] adding index lifecycle policy [metrics]
[2021-10-30T22:15:05,633][INFO ][o.e.x.i.a.TransportPutLifecycleAction] [isa-Swift-SF314-52G] adding index lifecycle policy [logs]
[2021-10-30T22:15:05,702][INFO ][o.e.x.i.a.TransportPutLifecycleAction] [isa-Swift-SF314-52G] adding index lifecycle policy [synthetics]
[2021-10-30T22:15:05,768][INFO ][o.e.x.i.a.TransportPutLifecycleAction] [isa-Swift-SF314-52G] adding index lifecycle policy [watch-history-ilm-policy]
[2021-10-30T22:15:05,851][INFO ][o.e.x.i.a.TransportPutLifecycleAction] [isa-Swift-SF314-52G] adding index lifecycle policy [ilm-history-ilm-policy]
[2021-10-30T22:15:05,923][INFO ][o.e.x.i.a.TransportPutLifecycleAction] [isa-Swift-SF314-52G] adding index lifecycle policy [slm-history-ilm-policy]
[2021-10-30T22:15:05,990][INFO ][o.e.x.i.a.TransportPutLifecycleAction] [isa-Swift-SF314-52G] adding index lifecycle policy [.deprecation-indexing-ilm-policy]
[2021-10-30T22:15:06,059][INFO ][o.e.x.i.a.TransportPutLifecycleAction] [isa-Swift-SF314-52G] adding index lifecycle policy [.fleet-actions-results-ilm-policy]
[2021-10-30T22:15:06,223][INFO ][o.e.i.g.GeoIpDownloader  ] [isa-Swift-SF314-52G] updating geoip databases
[2021-10-30T22:15:06,225][INFO ][o.e.i.g.GeoIpDownloader  ] [isa-Swift-SF314-52G] fetching geoip databases overview from [https://geoip.elastic.co/v1/database?elastic_geoip_service_tos=agree]
[2021-10-30T22:15:06,439][INFO ][o.e.l.LicenseService     ] [isa-Swift-SF314-52G] license [66923c87-9e30-4089-8f01-d829e03cc4dd] mode [basic] - valid
[2021-10-30T22:15:06,443][INFO ][o.e.x.s.s.SecurityStatusChangeListener] [isa-Swift-SF314-52G] Active license is now [BASIC]; Security is disabled
[2021-10-30T22:15:06,443][WARN ][o.e.x.s.s.SecurityStatusChangeListener] [isa-Swift-SF314-52G] Elasticsearch built-in security features are not enabled. Without authentication, your cluster could be accessible to anyone. See https://www.elastic.co/guide/en/elasticsearch/reference/7.15/security-minimal-setup.html to enable security.
[2021-10-30T22:15:06,762][INFO ][o.e.c.m.MetadataCreateIndexService] [isa-Swift-SF314-52G] [.kibana_7.15.1_001] creating index, cause [api], templates [], shards [1]/[1]
[2021-10-30T22:15:06,786][INFO ][o.e.c.r.a.AllocationService] [isa-Swift-SF314-52G] updating number_of_replicas to [0] for indices [.kibana_7.15.1_001]
[2021-10-30T22:15:07,124][INFO ][o.e.c.m.MetadataCreateIndexService] [isa-Swift-SF314-52G] [.kibana_task_manager_7.15.1_001] creating index, cause [api], templates [], shards [1]/[1]
[2021-10-30T22:15:07,126][INFO ][o.e.c.r.a.AllocationService] [isa-Swift-SF314-52G] updating number_of_replicas to [0] for indices [.kibana_task_manager_7.15.1_001]
[2021-10-30T22:15:07,379][INFO ][o.e.i.g.GeoIpDownloader  ] [isa-Swift-SF314-52G] updating geoip database [GeoLite2-ASN.mmdb]
[2021-10-30T22:15:07,435][INFO ][o.e.c.r.a.AllocationService] [isa-Swift-SF314-52G] Cluster health status changed from [YELLOW] to [GREEN] (reason: [shards started [[.kibana_task_manager_7.15.1_001][0]]]).
[2021-10-30T22:15:08,388][INFO ][o.e.c.m.MetadataCreateIndexService] [isa-Swift-SF314-52G] [.geoip_databases] creating index, cause [auto(bulk api)], templates [], shards [1]/[0]
[2021-10-30T22:15:08,591][INFO ][o.e.c.r.a.AllocationService] [isa-Swift-SF314-52G] Cluster health status changed from [YELLOW] to [GREEN] (reason: [shards started [[.geoip_databases][0]]]).
[2021-10-30T22:15:09,596][INFO ][o.e.i.g.DatabaseRegistry ] [isa-Swift-SF314-52G] downloading geoip database [GeoLite2-ASN.mmdb] to [/tmp/elasticsearch-17625731255258695808/geoip-databases/HRujtABlSCm477Wa7t-tag/GeoLite2-ASN.mmdb.tmp.gz]
[2021-10-30T22:15:09,614][INFO ][o.e.i.g.GeoIpDownloader  ] [isa-Swift-SF314-52G] updated geoip database [GeoLite2-ASN.mmdb]
[2021-10-30T22:15:09,645][INFO ][o.e.i.g.GeoIpDownloader  ] [isa-Swift-SF314-52G] updating geoip database [GeoLite2-City.mmdb]
[2021-10-30T22:15:09,837][INFO ][o.e.i.g.DatabaseRegistry ] [isa-Swift-SF314-52G] successfully reloaded changed geoip database file [/tmp/elasticsearch-17625731255258695808/geoip-databases/HRujtABlSCm477Wa7t-tag/GeoLite2-ASN.mmdb]
[2021-10-30T22:15:10,422][INFO ][o.e.c.m.MetadataCreateIndexService] [isa-Swift-SF314-52G] [.apm-agent-configuration] creating index, cause [api], templates [], shards [1]/[1]
[2021-10-30T22:15:10,424][INFO ][o.e.c.r.a.AllocationService] [isa-Swift-SF314-52G] updating number_of_replicas to [0] for indices [.apm-agent-configuration]
[2021-10-30T22:15:10,582][INFO ][o.e.c.m.MetadataCreateIndexService] [isa-Swift-SF314-52G] [.apm-custom-link] creating index, cause [api], templates [], shards [1]/[1]
[2021-10-30T22:15:10,586][INFO ][o.e.c.r.a.AllocationService] [isa-Swift-SF314-52G] updating number_of_replicas to [0] for indices [.apm-custom-link]
[2021-10-30T22:15:11,041][INFO ][o.e.c.r.a.AllocationService] [isa-Swift-SF314-52G] Cluster health status changed from [YELLOW] to [GREEN] (reason: [shards started [[.apm-custom-link][0]]]).
[2021-10-30T22:15:11,295][INFO ][o.e.c.m.MetadataMappingService] [isa-Swift-SF314-52G] [.kibana_task_manager_7.15.1_001/HTst-agvRvGSZyCmCw5SNQ] update_mapping [_doc]
[2021-10-30T22:15:11,564][INFO ][o.e.c.m.MetadataMappingService] [isa-Swift-SF314-52G] [.kibana_7.15.1_001/hI8POd1OSWCdH3DdTd6Ugg] update_mapping [_doc]
[2021-10-30T22:15:12,784][INFO ][o.e.c.m.MetadataMappingService] [isa-Swift-SF314-52G] [.kibana_7.15.1_001/hI8POd1OSWCdH3DdTd6Ugg] update_mapping [_doc]
[2021-10-30T22:15:12,933][INFO ][o.e.x.i.a.TransportPutLifecycleAction] [isa-Swift-SF314-52G] adding index lifecycle policy [kibana-event-log-policy]
[2021-10-30T22:15:13,352][INFO ][o.e.c.m.MetadataIndexTemplateService] [isa-Swift-SF314-52G] adding template [.kibana-event-log-7.15.1-template] for index patterns [.kibana-event-log-7.15.1-*]
[2021-10-30T22:15:13,600][INFO ][o.e.c.m.MetadataMappingService] [isa-Swift-SF314-52G] [.kibana_7.15.1_001/hI8POd1OSWCdH3DdTd6Ugg] update_mapping [_doc]
[2021-10-30T22:15:13,820][INFO ][o.e.c.m.MetadataCreateIndexService] [isa-Swift-SF314-52G] [.kibana-event-log-7.15.1-000001] creating index, cause [api], templates [.kibana-event-log-7.15.1-template], shards [1]/[1]
[2021-10-30T22:15:13,826][INFO ][o.e.c.r.a.AllocationService] [isa-Swift-SF314-52G] updating number_of_replicas to [0] for indices [.kibana-event-log-7.15.1-000001]
[2021-10-30T22:15:14,196][INFO ][o.e.x.i.IndexLifecycleTransition] [isa-Swift-SF314-52G] moving index [.kibana-event-log-7.15.1-000001] from [null] to [{"phase":"new","action":"complete","name":"complete"}] in policy [kibana-event-log-policy]
[2021-10-30T22:15:14,402][INFO ][o.e.c.r.a.AllocationService] [isa-Swift-SF314-52G] Cluster health status changed from [YELLOW] to [GREEN] (reason: [shards started [[.kibana-event-log-7.15.1-000001][0]]]).
[2021-10-30T22:15:14,638][INFO ][o.e.c.m.MetadataMappingService] [isa-Swift-SF314-52G] [.kibana_7.15.1_001/hI8POd1OSWCdH3DdTd6Ugg] update_mapping [_doc]
[2021-10-30T22:15:14,851][INFO ][o.e.x.i.IndexLifecycleTransition] [isa-Swift-SF314-52G] moving index [.kibana-event-log-7.15.1-000001] from [{"phase":"new","action":"complete","name":"complete"}] to [{"phase":"hot","action":"unfollow","name":"branch-check-unfollow-prerequisites"}] in policy [kibana-event-log-policy]
[2021-10-30T22:15:14,936][INFO ][o.e.x.i.a.TransportPutLifecycleAction] [isa-Swift-SF314-52G] adding index lifecycle policy [kibana-reporting]
[2021-10-30T22:15:15,053][INFO ][o.e.x.i.IndexLifecycleTransition] [isa-Swift-SF314-52G] moving index [.kibana-event-log-7.15.1-000001] from [{"phase":"hot","action":"unfollow","name":"branch-check-unfollow-prerequisites"}] to [{"phase":"hot","action":"rollover","name":"check-rollover-ready"}] in policy [kibana-event-log-policy]
[2021-10-30T22:15:15,394][INFO ][o.e.i.g.DatabaseRegistry ] [isa-Swift-SF314-52G] downloading geoip database [GeoLite2-City.mmdb] to [/tmp/elasticsearch-17625731255258695808/geoip-databases/HRujtABlSCm477Wa7t-tag/GeoLite2-City.mmdb.tmp.gz]
[2021-10-30T22:15:15,412][INFO ][o.e.i.g.GeoIpDownloader  ] [isa-Swift-SF314-52G] updated geoip database [GeoLite2-City.mmdb]
[2021-10-30T22:15:15,414][INFO ][o.e.i.g.GeoIpDownloader  ] [isa-Swift-SF314-52G] updating geoip database [GeoLite2-Country.mmdb]
[2021-10-30T22:15:16,476][INFO ][o.e.i.g.DatabaseRegistry ] [isa-Swift-SF314-52G] downloading geoip database [GeoLite2-Country.mmdb] to [/tmp/elasticsearch-17625731255258695808/geoip-databases/HRujtABlSCm477Wa7t-tag/GeoLite2-Country.mmdb.tmp.gz]
[2021-10-30T22:15:16,493][INFO ][o.e.i.g.GeoIpDownloader  ] [isa-Swift-SF314-52G] updated geoip database [GeoLite2-Country.mmdb]
[2021-10-30T22:15:16,516][INFO ][o.e.c.m.MetadataCreateIndexService] [isa-Swift-SF314-52G] [.ds-ilm-history-5-2021.10.30-000001] creating index, cause [initialize_data_stream], templates [ilm-history], shards [1]/[0]
[2021-10-30T22:15:16,525][INFO ][o.e.c.m.MetadataCreateDataStreamService] [isa-Swift-SF314-52G] adding data stream [ilm-history-5] with write index [.ds-ilm-history-5-2021.10.30-000001], backing indices [], and aliases []
[2021-10-30T22:15:16,666][INFO ][o.e.i.g.DatabaseRegistry ] [isa-Swift-SF314-52G] successfully reloaded changed geoip database file [/tmp/elasticsearch-17625731255258695808/geoip-databases/HRujtABlSCm477Wa7t-tag/GeoLite2-Country.mmdb]
[2021-10-30T22:15:16,853][INFO ][o.e.x.i.IndexLifecycleTransition] [isa-Swift-SF314-52G] moving index [.ds-ilm-history-5-2021.10.30-000001] from [null] to [{"phase":"new","action":"complete","name":"complete"}] in policy [ilm-history-ilm-policy]
[2021-10-30T22:15:16,961][INFO ][o.e.i.g.DatabaseRegistry ] [isa-Swift-SF314-52G] successfully reloaded changed geoip database file [/tmp/elasticsearch-17625731255258695808/geoip-databases/HRujtABlSCm477Wa7t-tag/GeoLite2-City.mmdb]
[2021-10-30T22:15:17,028][INFO ][o.e.c.r.a.AllocationService] [isa-Swift-SF314-52G] Cluster health status changed from [YELLOW] to [GREEN] (reason: [shards started [[.ds-ilm-history-5-2021.10.30-000001][0]]]).
[2021-10-30T22:15:17,168][INFO ][o.e.x.i.IndexLifecycleTransition] [isa-Swift-SF314-52G] moving index [.ds-ilm-history-5-2021.10.30-000001] from [{"phase":"new","action":"complete","name":"complete"}] to [{"phase":"hot","action":"unfollow","name":"branch-check-unfollow-prerequisites"}] in policy [ilm-history-ilm-policy]
[2021-10-30T22:15:17,268][INFO ][o.e.x.i.IndexLifecycleTransition] [isa-Swift-SF314-52G] moving index [.ds-ilm-history-5-2021.10.30-000001] from [{"phase":"hot","action":"unfollow","name":"branch-check-unfollow-prerequisites"}] to [{"phase":"hot","action":"rollover","name":"check-rollover-ready"}] in policy [ilm-history-ilm-policy]
[2021-10-30T22:20:13,645][INFO ][o.e.c.m.MetadataMappingService] [isa-Swift-SF314-52G] [.kibana_7.15.1_001/hI8POd1OSWCdH3DdTd6Ugg] update_mapping [_doc]
[2021-10-30T22:20:13,845][INFO ][o.e.c.m.MetadataMappingService] [isa-Swift-SF314-52G] [.kibana_7.15.1_001/hI8POd1OSWCdH3DdTd6Ugg] update_mapping [_doc]
[2021-10-30T22:34:38,894][INFO ][o.e.x.i.a.TransportPutLifecycleAction] [isa-Swift-SF314-52G] adding index lifecycle policy [filebeat]
[2021-10-30T22:34:40,633][INFO ][o.e.c.m.MetadataIndexTemplateService] [isa-Swift-SF314-52G] adding template [filebeat-7.15.1] for index patterns [filebeat-7.15.1-*]
[2021-10-30T22:34:40,863][INFO ][o.e.c.m.MetadataCreateIndexService] [isa-Swift-SF314-52G] [filebeat-7.15.1-2021.10.30-000001] creating index, cause [api], templates [filebeat-7.15.1], shards [1]/[1]
[2021-10-30T22:34:41,053][INFO ][o.e.x.i.IndexLifecycleTransition] [isa-Swift-SF314-52G] moving index [filebeat-7.15.1-2021.10.30-000001] from [null] to [{"phase":"new","action":"complete","name":"complete"}] in policy [filebeat]
[2021-10-30T22:34:41,147][INFO ][o.e.x.i.IndexLifecycleTransition] [isa-Swift-SF314-52G] moving index [filebeat-7.15.1-2021.10.30-000001] from [{"phase":"new","action":"complete","name":"complete"}] to [{"phase":"hot","action":"unfollow","name":"branch-check-unfollow-prerequisites"}] in policy [filebeat]
[2021-10-30T22:34:41,294][INFO ][o.e.x.i.IndexLifecycleTransition] [isa-Swift-SF314-52G] moving index [filebeat-7.15.1-2021.10.30-000001] from [{"phase":"hot","action":"unfollow","name":"branch-check-unfollow-prerequisites"}] to [{"phase":"hot","action":"rollover","name":"check-rollover-ready"}] in policy [filebeat]
[2021-10-30T22:34:43,404][INFO ][o.e.c.m.MetadataMappingService] [isa-Swift-SF314-52G] [.kibana_7.15.1_001/hI8POd1OSWCdH3DdTd6Ugg] update_mapping [_doc]
[2021-10-30T22:34:44,308][INFO ][o.e.c.m.MetadataMappingService] [isa-Swift-SF314-52G] [.kibana_7.15.1_001/hI8POd1OSWCdH3DdTd6Ugg] update_mapping [_doc]
[2021-10-30T22:34:44,412][INFO ][o.e.c.m.MetadataMappingService] [isa-Swift-SF314-52G] [.kibana_7.15.1_001/hI8POd1OSWCdH3DdTd6Ugg] update_mapping [_doc]
[2021-10-30T22:34:44,508][INFO ][o.e.c.m.MetadataMappingService] [isa-Swift-SF314-52G] [.kibana_7.15.1_001/hI8POd1OSWCdH3DdTd6Ugg] update_mapping [_doc]
[2021-10-30T22:34:48,378][INFO ][o.e.c.m.MetadataMappingService] [isa-Swift-SF314-52G] [.kibana_7.15.1_001/hI8POd1OSWCdH3DdTd6Ugg] update_mapping [_doc]
[2021-10-30T22:35:25,164][INFO ][o.e.c.m.MetadataMappingService] [isa-Swift-SF314-52G] [.kibana_7.15.1_001/hI8POd1OSWCdH3DdTd6Ugg] update_mapping [_doc]
[2021-10-30T22:36:08,625][INFO ][o.e.c.m.MetadataMappingService] [isa-Swift-SF314-52G] [.kibana_7.15.1_001/hI8POd1OSWCdH3DdTd6Ugg] update_mapping [_doc]
[2021-10-30T22:37:25,029][INFO ][o.e.c.m.MetadataCreateIndexService] [isa-Swift-SF314-52G] [cevetheque] creating index, cause [auto(bulk api)], templates [], shards [1]/[1]
[2021-10-30T22:37:25,305][INFO ][o.e.c.m.MetadataMappingService] [isa-Swift-SF314-52G] [cevetheque/piPzaFOXSm2GRpuTa6vzJw] create_mapping [_doc]
[2021-10-30T22:43:02,923][INFO ][o.e.c.m.MetadataIndexTemplateService] [isa-Swift-SF314-52G] adding template [filebeat-7.15.1] for index patterns [filebeat-7.15.1-*]
[2021-10-30T23:30:55,244][INFO ][o.e.c.m.MetadataIndexTemplateService] [isa-Swift-SF314-52G] adding template [filebeat-7.15.1] for index patterns [filebeat-7.15.1-*]
[2021-10-30T23:32:39,522][INFO ][o.e.c.m.MetadataMappingService] [isa-Swift-SF314-52G] [.kibana_7.15.1_001/hI8POd1OSWCdH3DdTd6Ugg] update_mapping [_doc]
[2021-10-30T23:35:16,540][INFO ][o.e.c.m.MetadataIndexTemplateService] [isa-Swift-SF314-52G] adding template [filebeat-7.15.1] for index patterns [filebeat-7.15.1-*]
[2021-10-30T23:49:42,308][INFO ][o.e.x.m.p.NativeController] [isa-Swift-SF314-52G] Native controller process has stopped - no new native processes can be started
[2021-10-30T23:49:42,314][INFO ][o.e.n.Node               ] [isa-Swift-SF314-52G] stopping ...
[2021-10-30T23:49:42,336][INFO ][o.e.x.w.WatcherService   ] [isa-Swift-SF314-52G] stopping watch service, reason [shutdown initiated]
[2021-10-30T23:49:42,339][INFO ][o.e.x.w.WatcherLifeCycleService] [isa-Swift-SF314-52G] watcher has stopped and shutdown
[2021-10-30T23:49:42,863][INFO ][o.e.n.Node               ] [isa-Swift-SF314-52G] stopped
[2021-10-30T23:49:42,863][INFO ][o.e.n.Node               ] [isa-Swift-SF314-52G] closing ...
[2021-10-30T23:49:43,697][INFO ][o.e.i.g.DatabaseReaderLazyLoader] [isa-Swift-SF314-52G] evicted [0] entries from cache after reloading database [/tmp/elasticsearch-17625731255258695808/geoip-databases/HRujtABlSCm477Wa7t-tag/GeoLite2-Country.mmdb]
[2021-10-30T23:49:43,727][INFO ][o.e.i.g.DatabaseReaderLazyLoader] [isa-Swift-SF314-52G] evicted [0] entries from cache after reloading database [/tmp/elasticsearch-17625731255258695808/geoip-databases/HRujtABlSCm477Wa7t-tag/GeoLite2-ASN.mmdb]
[2021-10-30T23:49:43,727][INFO ][o.e.i.g.DatabaseReaderLazyLoader] [isa-Swift-SF314-52G] evicted [0] entries from cache after reloading database [/tmp/elasticsearch-17625731255258695808/geoip-databases/HRujtABlSCm477Wa7t-tag/GeoLite2-City.mmdb]
[2021-10-30T23:49:43,778][INFO ][o.e.n.Node               ] [isa-Swift-SF314-52G] closed
